The system is: Linux - 3.10.0-1160.25.1.el7.x86_64 - x86_64
Compiling the C compiler identification source file "CMakeCCompilerId.c" succeeded.
Compiler: /soft/libraries/mpi/mvapich2/gcc/bin/mpicc 
Build flags: 
Id flags: 

The output was:
0


Compilation of the C compiler identification source "CMakeCCompilerId.c" produced "a.out"

The C compiler identification is GNU, found in "/home/murphyc/BloodFlow/examples/embolism/build/CMakeFiles/2.8.12.2/CompilerIdC/a.out"

Compiling the CXX compiler identification source file "CMakeCXXCompilerId.cpp" succeeded.
Compiler: /soft/compilers/gcc/7.1.0/bin/c++ 
Build flags: 
Id flags: 

The output was:
0


Compilation of the CXX compiler identification source "CMakeCXXCompilerId.cpp" produced "a.out"

The CXX compiler identification is GNU, found in "/home/murphyc/BloodFlow/examples/embolism/build/CMakeFiles/2.8.12.2/CompilerIdCXX/a.out"

Determining if the C compiler works passed with the following output:
Change Dir: /home/murphyc/BloodFlow/examples/embolism/build/CMakeFiles/CMakeTmp

Run Build Command:/bin/gmake "cmTryCompileExec1393786751/fast"
/bin/gmake -f CMakeFiles/cmTryCompileExec1393786751.dir/build.make CMakeFiles/cmTryCompileExec1393786751.dir/build
gmake[1]: Entering directory `/gpfs/mira-home/murphyc/BloodFlow/examples/embolism/build/CMakeFiles/CMakeTmp'
/usr/bin/cmake -E cmake_progress_report /home/murphyc/BloodFlow/examples/embolism/build/CMakeFiles/CMakeTmp/CMakeFiles 1
Building C object CMakeFiles/cmTryCompileExec1393786751.dir/testCCompiler.c.o
/soft/libraries/mpi/mvapich2/gcc/bin/mpicc    -o CMakeFiles/cmTryCompileExec1393786751.dir/testCCompiler.c.o   -c /home/murphyc/BloodFlow/examples/embolism/build/CMakeFiles/CMakeTmp/testCCompiler.c
Linking C executable cmTryCompileExec1393786751
/usr/bin/cmake -E cmake_link_script CMakeFiles/cmTryCompileExec1393786751.dir/link.txt --verbose=1
/soft/libraries/mpi/mvapich2/gcc/bin/mpicc       CMakeFiles/cmTryCompileExec1393786751.dir/testCCompiler.c.o  -o cmTryCompileExec1393786751 -rdynamic 
gmake[1]: Leaving directory `/gpfs/mira-home/murphyc/BloodFlow/examples/embolism/build/CMakeFiles/CMakeTmp'


Detecting C compiler ABI info compiled with the following output:
Change Dir: /home/murphyc/BloodFlow/examples/embolism/build/CMakeFiles/CMakeTmp

Run Build Command:/bin/gmake "cmTryCompileExec1537398421/fast"
/bin/gmake -f CMakeFiles/cmTryCompileExec1537398421.dir/build.make CMakeFiles/cmTryCompileExec1537398421.dir/build
gmake[1]: Entering directory `/gpfs/mira-home/murphyc/BloodFlow/examples/embolism/build/CMakeFiles/CMakeTmp'
/usr/bin/cmake -E cmake_progress_report /home/murphyc/BloodFlow/examples/embolism/build/CMakeFiles/CMakeTmp/CMakeFiles 1
Building C object CMakeFiles/cmTryCompileExec1537398421.dir/CMakeCCompilerABI.c.o
/soft/libraries/mpi/mvapich2/gcc/bin/mpicc    -o CMakeFiles/cmTryCompileExec1537398421.dir/CMakeCCompilerABI.c.o   -c /usr/share/cmake/Modules/CMakeCCompilerABI.c
Linking C executable cmTryCompileExec1537398421
/usr/bin/cmake -E cmake_link_script CMakeFiles/cmTryCompileExec1537398421.dir/link.txt --verbose=1
/soft/libraries/mpi/mvapich2/gcc/bin/mpicc     -v CMakeFiles/cmTryCompileExec1537398421.dir/CMakeCCompilerABI.c.o  -o cmTryCompileExec1537398421 -rdynamic  
mpicc for MVAPICH2 version 2.2
Using built-in specs.
COLLECT_GCC=gcc
COLLECT_LTO_WRAPPER=/soft/compilers/gcc/7.1.0/bin/../libexec/gcc/x86_64-pc-linux-gnu/7.1.0/lto-wrapper
Target: x86_64-pc-linux-gnu
Configured with: ../gcc-7.1.0/configure --prefix=/gpfs/mira-fs0/software/x86_64/compilers/gcc/7.1.0 --disable-nls --enable-languages=c,c++,objc,obj-c++,fortran,lto --without-headers --disable-multilib --enable-lto --enable-checking=release --disable-libstdcxx-pch --with-system-zlib
Thread model: posix
gcc version 7.1.0 (GCC) 
COMPILER_PATH=/soft/compilers/gcc/7.1.0/bin/../libexec/gcc/x86_64-pc-linux-gnu/7.1.0/:/soft/compilers/gcc/7.1.0/bin/../libexec/gcc/
LIBRARY_PATH=/soft/compilers/gcc/7.1.0/bin/../lib/gcc/x86_64-pc-linux-gnu/7.1.0/:/soft/compilers/gcc/7.1.0/bin/../lib/gcc/:/soft/compilers/gcc/7.1.0/bin/../lib/gcc/x86_64-pc-linux-gnu/7.1.0/../../../../lib64/:/lib/../lib64/:/usr/lib/../lib64/:./:/soft/compilers/gcc/7.1.0/bin/../lib/gcc/x86_64-pc-linux-gnu/7.1.0/../../../:/lib/:/usr/lib/
COLLECT_GCC_OPTIONS='-v' '-o' 'cmTryCompileExec1537398421' '-rdynamic' '-I' '/soft/libraries/mpi/mvapich2-2.2/gcc/include' '-L/soft/libraries/mpi/mvapich2-2.2/gcc/lib' '-mtune=generic' '-march=x86-64'
 /soft/compilers/gcc/7.1.0/bin/../libexec/gcc/x86_64-pc-linux-gnu/7.1.0/collect2 --eh-frame-hdr -m elf_x86_64 -export-dynamic -dynamic-linker /lib64/ld-linux-x86-64.so.2 -o cmTryCompileExec1537398421 /lib/../lib64/crt1.o /lib/../lib64/crti.o /soft/compilers/gcc/7.1.0/bin/../lib/gcc/x86_64-pc-linux-gnu/7.1.0/crtbegin.o -L/soft/libraries/mpi/mvapich2-2.2/gcc/lib -L/soft/compilers/gcc/7.1.0/bin/../lib/gcc/x86_64-pc-linux-gnu/7.1.0 -L/soft/compilers/gcc/7.1.0/bin/../lib/gcc -L/soft/compilers/gcc/7.1.0/bin/../lib/gcc/x86_64-pc-linux-gnu/7.1.0/../../../../lib64 -L/lib/../lib64 -L/usr/lib/../lib64 -L. -L/soft/compilers/gcc/7.1.0/bin/../lib/gcc/x86_64-pc-linux-gnu/7.1.0/../../.. CMakeFiles/cmTryCompileExec1537398421.dir/CMakeCCompilerABI.c.o -rpath /soft/libraries/mpi/mvapich2-2.2/gcc/lib --enable-new-dtags -lmpi -lgcc --as-needed -lgcc_s --no-as-needed -lc -lgcc --as-needed -lgcc_s --no-as-needed /soft/compilers/gcc/7.1.0/bin/../lib/gcc/x86_64-pc-linux-gnu/7.1.0/crtend.o /lib/../lib64/crtn.o
COLLECT_GCC_OPTIONS='-v' '-o' 'cmTryCompileExec1537398421' '-rdynamic' '-I' '/soft/libraries/mpi/mvapich2-2.2/gcc/include' '-L/soft/libraries/mpi/mvapich2-2.2/gcc/lib' '-mtune=generic' '-march=x86-64'
gmake[1]: Leaving directory `/gpfs/mira-home/murphyc/BloodFlow/examples/embolism/build/CMakeFiles/CMakeTmp'


Parsed C implicit link information from above output:
  link line regex: [^( *|.*[/\])(ld|([^/\]+-)?ld|collect2)[^/\]*( |$)]
  ignore line: [Change Dir: /home/murphyc/BloodFlow/examples/embolism/build/CMakeFiles/CMakeTmp]
  ignore line: []
  ignore line: [Run Build Command:/bin/gmake "cmTryCompileExec1537398421/fast"]
  ignore line: [/bin/gmake -f CMakeFiles/cmTryCompileExec1537398421.dir/build.make CMakeFiles/cmTryCompileExec1537398421.dir/build]
  ignore line: [gmake[1]: Entering directory `/gpfs/mira-home/murphyc/BloodFlow/examples/embolism/build/CMakeFiles/CMakeTmp']
  ignore line: [/usr/bin/cmake -E cmake_progress_report /home/murphyc/BloodFlow/examples/embolism/build/CMakeFiles/CMakeTmp/CMakeFiles 1]
  ignore line: [Building C object CMakeFiles/cmTryCompileExec1537398421.dir/CMakeCCompilerABI.c.o]
  ignore line: [/soft/libraries/mpi/mvapich2/gcc/bin/mpicc    -o CMakeFiles/cmTryCompileExec1537398421.dir/CMakeCCompilerABI.c.o   -c /usr/share/cmake/Modules/CMakeCCompilerABI.c]
  ignore line: [Linking C executable cmTryCompileExec1537398421]
  ignore line: [/usr/bin/cmake -E cmake_link_script CMakeFiles/cmTryCompileExec1537398421.dir/link.txt --verbose=1]
  ignore line: [/soft/libraries/mpi/mvapich2/gcc/bin/mpicc     -v CMakeFiles/cmTryCompileExec1537398421.dir/CMakeCCompilerABI.c.o  -o cmTryCompileExec1537398421 -rdynamic  ]
  ignore line: [mpicc for MVAPICH2 version 2.2]
  ignore line: [Using built-in specs.]
  ignore line: [COLLECT_GCC=gcc]
  ignore line: [COLLECT_LTO_WRAPPER=/soft/compilers/gcc/7.1.0/bin/../libexec/gcc/x86_64-pc-linux-gnu/7.1.0/lto-wrapper]
  ignore line: [Target: x86_64-pc-linux-gnu]
  ignore line: [Configured with: ../gcc-7.1.0/configure --prefix=/gpfs/mira-fs0/software/x86_64/compilers/gcc/7.1.0 --disable-nls --enable-languages=c,c++,objc,obj-c++,fortran,lto --without-headers --disable-multilib --enable-lto --enable-checking=release --disable-libstdcxx-pch --with-system-zlib]
  ignore line: [Thread model: posix]
  ignore line: [gcc version 7.1.0 (GCC) ]
  ignore line: [COMPILER_PATH=/soft/compilers/gcc/7.1.0/bin/../libexec/gcc/x86_64-pc-linux-gnu/7.1.0/:/soft/compilers/gcc/7.1.0/bin/../libexec/gcc/]
  ignore line: [LIBRARY_PATH=/soft/compilers/gcc/7.1.0/bin/../lib/gcc/x86_64-pc-linux-gnu/7.1.0/:/soft/compilers/gcc/7.1.0/bin/../lib/gcc/:/soft/compilers/gcc/7.1.0/bin/../lib/gcc/x86_64-pc-linux-gnu/7.1.0/../../../../lib64/:/lib/../lib64/:/usr/lib/../lib64/:./:/soft/compilers/gcc/7.1.0/bin/../lib/gcc/x86_64-pc-linux-gnu/7.1.0/../../../:/lib/:/usr/lib/]
  ignore line: [COLLECT_GCC_OPTIONS='-v' '-o' 'cmTryCompileExec1537398421' '-rdynamic' '-I' '/soft/libraries/mpi/mvapich2-2.2/gcc/include' '-L/soft/libraries/mpi/mvapich2-2.2/gcc/lib' '-mtune=generic' '-march=x86-64']
  link line: [ /soft/compilers/gcc/7.1.0/bin/../libexec/gcc/x86_64-pc-linux-gnu/7.1.0/collect2 --eh-frame-hdr -m elf_x86_64 -export-dynamic -dynamic-linker /lib64/ld-linux-x86-64.so.2 -o cmTryCompileExec1537398421 /lib/../lib64/crt1.o /lib/../lib64/crti.o /soft/compilers/gcc/7.1.0/bin/../lib/gcc/x86_64-pc-linux-gnu/7.1.0/crtbegin.o -L/soft/libraries/mpi/mvapich2-2.2/gcc/lib -L/soft/compilers/gcc/7.1.0/bin/../lib/gcc/x86_64-pc-linux-gnu/7.1.0 -L/soft/compilers/gcc/7.1.0/bin/../lib/gcc -L/soft/compilers/gcc/7.1.0/bin/../lib/gcc/x86_64-pc-linux-gnu/7.1.0/../../../../lib64 -L/lib/../lib64 -L/usr/lib/../lib64 -L. -L/soft/compilers/gcc/7.1.0/bin/../lib/gcc/x86_64-pc-linux-gnu/7.1.0/../../.. CMakeFiles/cmTryCompileExec1537398421.dir/CMakeCCompilerABI.c.o -rpath /soft/libraries/mpi/mvapich2-2.2/gcc/lib --enable-new-dtags -lmpi -lgcc --as-needed -lgcc_s --no-as-needed -lc -lgcc --as-needed -lgcc_s --no-as-needed /soft/compilers/gcc/7.1.0/bin/../lib/gcc/x86_64-pc-linux-gnu/7.1.0/crtend.o /lib/../lib64/crtn.o]
    arg [/soft/compilers/gcc/7.1.0/bin/../libexec/gcc/x86_64-pc-linux-gnu/7.1.0/collect2] ==> ignore
    arg [--eh-frame-hdr] ==> ignore
    arg [-m] ==> ignore
    arg [elf_x86_64] ==> ignore
    arg [-export-dynamic] ==> ignore
    arg [-dynamic-linker] ==> ignore
    arg [/lib64/ld-linux-x86-64.so.2] ==> ignore
    arg [-o] ==> ignore
    arg [cmTryCompileExec1537398421] ==> ignore
    arg [/lib/../lib64/crt1.o] ==> ignore
    arg [/lib/../lib64/crti.o] ==> ignore
    arg [/soft/compilers/gcc/7.1.0/bin/../lib/gcc/x86_64-pc-linux-gnu/7.1.0/crtbegin.o] ==> ignore
    arg [-L/soft/libraries/mpi/mvapich2-2.2/gcc/lib] ==> dir [/soft/libraries/mpi/mvapich2-2.2/gcc/lib]
    arg [-L/soft/compilers/gcc/7.1.0/bin/../lib/gcc/x86_64-pc-linux-gnu/7.1.0] ==> dir [/soft/compilers/gcc/7.1.0/bin/../lib/gcc/x86_64-pc-linux-gnu/7.1.0]
    arg [-L/soft/compilers/gcc/7.1.0/bin/../lib/gcc] ==> dir [/soft/compilers/gcc/7.1.0/bin/../lib/gcc]
    arg [-L/soft/compilers/gcc/7.1.0/bin/../lib/gcc/x86_64-pc-linux-gnu/7.1.0/../../../../lib64] ==> dir [/soft/compilers/gcc/7.1.0/bin/../lib/gcc/x86_64-pc-linux-gnu/7.1.0/../../../../lib64]
    arg [-L/lib/../lib64] ==> dir [/lib/../lib64]
    arg [-L/usr/lib/../lib64] ==> dir [/usr/lib/../lib64]
    arg [-L.] ==> ignore
    arg [-L/soft/compilers/gcc/7.1.0/bin/../lib/gcc/x86_64-pc-linux-gnu/7.1.0/../../..] ==> dir [/soft/compilers/gcc/7.1.0/bin/../lib/gcc/x86_64-pc-linux-gnu/7.1.0/../../..]
    arg [CMakeFiles/cmTryCompileExec1537398421.dir/CMakeCCompilerABI.c.o] ==> ignore
    arg [-rpath] ==> ignore
    arg [/soft/libraries/mpi/mvapich2-2.2/gcc/lib] ==> ignore
    arg [--enable-new-dtags] ==> ignore
    arg [-lmpi] ==> lib [mpi]
    arg [-lgcc] ==> lib [gcc]
    arg [--as-needed] ==> ignore
    arg [-lgcc_s] ==> lib [gcc_s]
    arg [--no-as-needed] ==> ignore
    arg [-lc] ==> lib [c]
    arg [-lgcc] ==> lib [gcc]
    arg [--as-needed] ==> ignore
    arg [-lgcc_s] ==> lib [gcc_s]
    arg [--no-as-needed] ==> ignore
    arg [/soft/compilers/gcc/7.1.0/bin/../lib/gcc/x86_64-pc-linux-gnu/7.1.0/crtend.o] ==> ignore
    arg [/lib/../lib64/crtn.o] ==> ignore
  remove lib [gcc]
  remove lib [gcc_s]
  remove lib [gcc]
  remove lib [gcc_s]
  collapse library dir [/soft/libraries/mpi/mvapich2-2.2/gcc/lib] ==> [/soft/libraries/mpi/mvapich2-2.2/gcc/lib]
  collapse library dir [/soft/compilers/gcc/7.1.0/bin/../lib/gcc/x86_64-pc-linux-gnu/7.1.0] ==> [/soft/compilers/gcc/7.1.0/lib/gcc/x86_64-pc-linux-gnu/7.1.0]
  collapse library dir [/soft/compilers/gcc/7.1.0/bin/../lib/gcc] ==> [/soft/compilers/gcc/7.1.0/lib/gcc]
  collapse library dir [/soft/compilers/gcc/7.1.0/bin/../lib/gcc/x86_64-pc-linux-gnu/7.1.0/../../../../lib64] ==> [/soft/compilers/gcc/7.1.0/lib64]
  collapse library dir [/lib/../lib64] ==> [/lib64]
  collapse library dir [/usr/lib/../lib64] ==> [/usr/lib64]
  collapse library dir [/soft/compilers/gcc/7.1.0/bin/../lib/gcc/x86_64-pc-linux-gnu/7.1.0/../../..] ==> [/soft/compilers/gcc/7.1.0/lib]
  implicit libs: [mpi;c]
  implicit dirs: [/soft/libraries/mpi/mvapich2-2.2/gcc/lib;/soft/compilers/gcc/7.1.0/lib/gcc/x86_64-pc-linux-gnu/7.1.0;/soft/compilers/gcc/7.1.0/lib/gcc;/soft/compilers/gcc/7.1.0/lib64;/lib64;/usr/lib64;/soft/compilers/gcc/7.1.0/lib]
  implicit fwks: []


Determining if the CXX compiler works passed with the following output:
Change Dir: /home/murphyc/BloodFlow/examples/embolism/build/CMakeFiles/CMakeTmp

Run Build Command:/bin/gmake "cmTryCompileExec1652701267/fast"
/bin/gmake -f CMakeFiles/cmTryCompileExec1652701267.dir/build.make CMakeFiles/cmTryCompileExec1652701267.dir/build
gmake[1]: Entering directory `/gpfs/mira-home/murphyc/BloodFlow/examples/embolism/build/CMakeFiles/CMakeTmp'
/usr/bin/cmake -E cmake_progress_report /home/murphyc/BloodFlow/examples/embolism/build/CMakeFiles/CMakeTmp/CMakeFiles 1
Building CXX object CMakeFiles/cmTryCompileExec1652701267.dir/testCXXCompiler.cxx.o
/soft/compilers/gcc/7.1.0/bin/c++     -o CMakeFiles/cmTryCompileExec1652701267.dir/testCXXCompiler.cxx.o -c /home/murphyc/BloodFlow/examples/embolism/build/CMakeFiles/CMakeTmp/testCXXCompiler.cxx
Linking CXX executable cmTryCompileExec1652701267
/usr/bin/cmake -E cmake_link_script CMakeFiles/cmTryCompileExec1652701267.dir/link.txt --verbose=1
/soft/compilers/gcc/7.1.0/bin/c++        CMakeFiles/cmTryCompileExec1652701267.dir/testCXXCompiler.cxx.o  -o cmTryCompileExec1652701267 -rdynamic 
gmake[1]: Leaving directory `/gpfs/mira-home/murphyc/BloodFlow/examples/embolism/build/CMakeFiles/CMakeTmp'


Detecting CXX compiler ABI info compiled with the following output:
Change Dir: /home/murphyc/BloodFlow/examples/embolism/build/CMakeFiles/CMakeTmp

Run Build Command:/bin/gmake "cmTryCompileExec3877210789/fast"
/bin/gmake -f CMakeFiles/cmTryCompileExec3877210789.dir/build.make CMakeFiles/cmTryCompileExec3877210789.dir/build
gmake[1]: Entering directory `/gpfs/mira-home/murphyc/BloodFlow/examples/embolism/build/CMakeFiles/CMakeTmp'
/usr/bin/cmake -E cmake_progress_report /home/murphyc/BloodFlow/examples/embolism/build/CMakeFiles/CMakeTmp/CMakeFiles 1
Building CXX object CMakeFiles/cmTryCompileExec3877210789.dir/CMakeCXXCompilerABI.cpp.o
/soft/compilers/gcc/7.1.0/bin/c++     -o CMakeFiles/cmTryCompileExec3877210789.dir/CMakeCXXCompilerABI.cpp.o -c /usr/share/cmake/Modules/CMakeCXXCompilerABI.cpp
Linking CXX executable cmTryCompileExec3877210789
/usr/bin/cmake -E cmake_link_script CMakeFiles/cmTryCompileExec3877210789.dir/link.txt --verbose=1
/soft/compilers/gcc/7.1.0/bin/c++      -v CMakeFiles/cmTryCompileExec3877210789.dir/CMakeCXXCompilerABI.cpp.o  -o cmTryCompileExec3877210789 -rdynamic  
Using built-in specs.
COLLECT_GCC=/soft/compilers/gcc/7.1.0/bin/c++
COLLECT_LTO_WRAPPER=/soft/compilers/gcc/7.1.0/bin/../libexec/gcc/x86_64-pc-linux-gnu/7.1.0/lto-wrapper
Target: x86_64-pc-linux-gnu
Configured with: ../gcc-7.1.0/configure --prefix=/gpfs/mira-fs0/software/x86_64/compilers/gcc/7.1.0 --disable-nls --enable-languages=c,c++,objc,obj-c++,fortran,lto --without-headers --disable-multilib --enable-lto --enable-checking=release --disable-libstdcxx-pch --with-system-zlib
Thread model: posix
gcc version 7.1.0 (GCC) 
COMPILER_PATH=/soft/compilers/gcc/7.1.0/bin/../libexec/gcc/x86_64-pc-linux-gnu/7.1.0/:/soft/compilers/gcc/7.1.0/bin/../libexec/gcc/
LIBRARY_PATH=/soft/compilers/gcc/7.1.0/bin/../lib/gcc/x86_64-pc-linux-gnu/7.1.0/:/soft/compilers/gcc/7.1.0/bin/../lib/gcc/:/soft/compilers/gcc/7.1.0/bin/../lib/gcc/x86_64-pc-linux-gnu/7.1.0/../../../../lib64/:/lib/../lib64/:/usr/lib/../lib64/:./:/soft/compilers/gcc/7.1.0/bin/../lib/gcc/x86_64-pc-linux-gnu/7.1.0/../../../:/lib/:/usr/lib/
COLLECT_GCC_OPTIONS='-v' '-o' 'cmTryCompileExec3877210789' '-rdynamic' '-shared-libgcc' '-mtune=generic' '-march=x86-64'
 /soft/compilers/gcc/7.1.0/bin/../libexec/gcc/x86_64-pc-linux-gnu/7.1.0/collect2 --eh-frame-hdr -m elf_x86_64 -export-dynamic -dynamic-linker /lib64/ld-linux-x86-64.so.2 -o cmTryCompileExec3877210789 /lib/../lib64/crt1.o /lib/../lib64/crti.o /soft/compilers/gcc/7.1.0/bin/../lib/gcc/x86_64-pc-linux-gnu/7.1.0/crtbegin.o -L/soft/compilers/gcc/7.1.0/bin/../lib/gcc/x86_64-pc-linux-gnu/7.1.0 -L/soft/compilers/gcc/7.1.0/bin/../lib/gcc -L/soft/compilers/gcc/7.1.0/bin/../lib/gcc/x86_64-pc-linux-gnu/7.1.0/../../../../lib64 -L/lib/../lib64 -L/usr/lib/../lib64 -L. -L/soft/compilers/gcc/7.1.0/bin/../lib/gcc/x86_64-pc-linux-gnu/7.1.0/../../.. CMakeFiles/cmTryCompileExec3877210789.dir/CMakeCXXCompilerABI.cpp.o -lstdc++ -lm -lgcc_s -lgcc -lc -lgcc_s -lgcc /soft/compilers/gcc/7.1.0/bin/../lib/gcc/x86_64-pc-linux-gnu/7.1.0/crtend.o /lib/../lib64/crtn.o
COLLECT_GCC_OPTIONS='-v' '-o' 'cmTryCompileExec3877210789' '-rdynamic' '-shared-libgcc' '-mtune=generic' '-march=x86-64'
gmake[1]: Leaving directory `/gpfs/mira-home/murphyc/BloodFlow/examples/embolism/build/CMakeFiles/CMakeTmp'


Parsed CXX implicit link information from above output:
  link line regex: [^( *|.*[/\])(ld|([^/\]+-)?ld|collect2)[^/\]*( |$)]
  ignore line: [Change Dir: /home/murphyc/BloodFlow/examples/embolism/build/CMakeFiles/CMakeTmp]
  ignore line: []
  ignore line: [Run Build Command:/bin/gmake "cmTryCompileExec3877210789/fast"]
  ignore line: [/bin/gmake -f CMakeFiles/cmTryCompileExec3877210789.dir/build.make CMakeFiles/cmTryCompileExec3877210789.dir/build]
  ignore line: [gmake[1]: Entering directory `/gpfs/mira-home/murphyc/BloodFlow/examples/embolism/build/CMakeFiles/CMakeTmp']
  ignore line: [/usr/bin/cmake -E cmake_progress_report /home/murphyc/BloodFlow/examples/embolism/build/CMakeFiles/CMakeTmp/CMakeFiles 1]
  ignore line: [Building CXX object CMakeFiles/cmTryCompileExec3877210789.dir/CMakeCXXCompilerABI.cpp.o]
  ignore line: [/soft/compilers/gcc/7.1.0/bin/c++     -o CMakeFiles/cmTryCompileExec3877210789.dir/CMakeCXXCompilerABI.cpp.o -c /usr/share/cmake/Modules/CMakeCXXCompilerABI.cpp]
  ignore line: [Linking CXX executable cmTryCompileExec3877210789]
  ignore line: [/usr/bin/cmake -E cmake_link_script CMakeFiles/cmTryCompileExec3877210789.dir/link.txt --verbose=1]
  ignore line: [/soft/compilers/gcc/7.1.0/bin/c++      -v CMakeFiles/cmTryCompileExec3877210789.dir/CMakeCXXCompilerABI.cpp.o  -o cmTryCompileExec3877210789 -rdynamic  ]
  ignore line: [Using built-in specs.]
  ignore line: [COLLECT_GCC=/soft/compilers/gcc/7.1.0/bin/c++]
  ignore line: [COLLECT_LTO_WRAPPER=/soft/compilers/gcc/7.1.0/bin/../libexec/gcc/x86_64-pc-linux-gnu/7.1.0/lto-wrapper]
  ignore line: [Target: x86_64-pc-linux-gnu]
  ignore line: [Configured with: ../gcc-7.1.0/configure --prefix=/gpfs/mira-fs0/software/x86_64/compilers/gcc/7.1.0 --disable-nls --enable-languages=c,c++,objc,obj-c++,fortran,lto --without-headers --disable-multilib --enable-lto --enable-checking=release --disable-libstdcxx-pch --with-system-zlib]
  ignore line: [Thread model: posix]
  ignore line: [gcc version 7.1.0 (GCC) ]
  ignore line: [COMPILER_PATH=/soft/compilers/gcc/7.1.0/bin/../libexec/gcc/x86_64-pc-linux-gnu/7.1.0/:/soft/compilers/gcc/7.1.0/bin/../libexec/gcc/]
  ignore line: [LIBRARY_PATH=/soft/compilers/gcc/7.1.0/bin/../lib/gcc/x86_64-pc-linux-gnu/7.1.0/:/soft/compilers/gcc/7.1.0/bin/../lib/gcc/:/soft/compilers/gcc/7.1.0/bin/../lib/gcc/x86_64-pc-linux-gnu/7.1.0/../../../../lib64/:/lib/../lib64/:/usr/lib/../lib64/:./:/soft/compilers/gcc/7.1.0/bin/../lib/gcc/x86_64-pc-linux-gnu/7.1.0/../../../:/lib/:/usr/lib/]
  ignore line: [COLLECT_GCC_OPTIONS='-v' '-o' 'cmTryCompileExec3877210789' '-rdynamic' '-shared-libgcc' '-mtune=generic' '-march=x86-64']
  link line: [ /soft/compilers/gcc/7.1.0/bin/../libexec/gcc/x86_64-pc-linux-gnu/7.1.0/collect2 --eh-frame-hdr -m elf_x86_64 -export-dynamic -dynamic-linker /lib64/ld-linux-x86-64.so.2 -o cmTryCompileExec3877210789 /lib/../lib64/crt1.o /lib/../lib64/crti.o /soft/compilers/gcc/7.1.0/bin/../lib/gcc/x86_64-pc-linux-gnu/7.1.0/crtbegin.o -L/soft/compilers/gcc/7.1.0/bin/../lib/gcc/x86_64-pc-linux-gnu/7.1.0 -L/soft/compilers/gcc/7.1.0/bin/../lib/gcc -L/soft/compilers/gcc/7.1.0/bin/../lib/gcc/x86_64-pc-linux-gnu/7.1.0/../../../../lib64 -L/lib/../lib64 -L/usr/lib/../lib64 -L. -L/soft/compilers/gcc/7.1.0/bin/../lib/gcc/x86_64-pc-linux-gnu/7.1.0/../../.. CMakeFiles/cmTryCompileExec3877210789.dir/CMakeCXXCompilerABI.cpp.o -lstdc++ -lm -lgcc_s -lgcc -lc -lgcc_s -lgcc /soft/compilers/gcc/7.1.0/bin/../lib/gcc/x86_64-pc-linux-gnu/7.1.0/crtend.o /lib/../lib64/crtn.o]
    arg [/soft/compilers/gcc/7.1.0/bin/../libexec/gcc/x86_64-pc-linux-gnu/7.1.0/collect2] ==> ignore
    arg [--eh-frame-hdr] ==> ignore
    arg [-m] ==> ignore
    arg [elf_x86_64] ==> ignore
    arg [-export-dynamic] ==> ignore
    arg [-dynamic-linker] ==> ignore
    arg [/lib64/ld-linux-x86-64.so.2] ==> ignore
    arg [-o] ==> ignore
    arg [cmTryCompileExec3877210789] ==> ignore
    arg [/lib/../lib64/crt1.o] ==> ignore
    arg [/lib/../lib64/crti.o] ==> ignore
    arg [/soft/compilers/gcc/7.1.0/bin/../lib/gcc/x86_64-pc-linux-gnu/7.1.0/crtbegin.o] ==> ignore
    arg [-L/soft/compilers/gcc/7.1.0/bin/../lib/gcc/x86_64-pc-linux-gnu/7.1.0] ==> dir [/soft/compilers/gcc/7.1.0/bin/../lib/gcc/x86_64-pc-linux-gnu/7.1.0]
    arg [-L/soft/compilers/gcc/7.1.0/bin/../lib/gcc] ==> dir [/soft/compilers/gcc/7.1.0/bin/../lib/gcc]
    arg [-L/soft/compilers/gcc/7.1.0/bin/../lib/gcc/x86_64-pc-linux-gnu/7.1.0/../../../../lib64] ==> dir [/soft/compilers/gcc/7.1.0/bin/../lib/gcc/x86_64-pc-linux-gnu/7.1.0/../../../../lib64]
    arg [-L/lib/../lib64] ==> dir [/lib/../lib64]
    arg [-L/usr/lib/../lib64] ==> dir [/usr/lib/../lib64]
    arg [-L.] ==> ignore
    arg [-L/soft/compilers/gcc/7.1.0/bin/../lib/gcc/x86_64-pc-linux-gnu/7.1.0/../../..] ==> dir [/soft/compilers/gcc/7.1.0/bin/../lib/gcc/x86_64-pc-linux-gnu/7.1.0/../../..]
    arg [CMakeFiles/cmTryCompileExec3877210789.dir/CMakeCXXCompilerABI.cpp.o] ==> ignore
    arg [-lstdc++] ==> lib [stdc++]
    arg [-lm] ==> lib [m]
    arg [-lgcc_s] ==> lib [gcc_s]
    arg [-lgcc] ==> lib [gcc]
    arg [-lc] ==> lib [c]
    arg [-lgcc_s] ==> lib [gcc_s]
    arg [-lgcc] ==> lib [gcc]
    arg [/soft/compilers/gcc/7.1.0/bin/../lib/gcc/x86_64-pc-linux-gnu/7.1.0/crtend.o] ==> ignore
    arg [/lib/../lib64/crtn.o] ==> ignore
  remove lib [gcc_s]
  remove lib [gcc]
  remove lib [gcc_s]
  remove lib [gcc]
  collapse library dir [/soft/compilers/gcc/7.1.0/bin/../lib/gcc/x86_64-pc-linux-gnu/7.1.0] ==> [/soft/compilers/gcc/7.1.0/lib/gcc/x86_64-pc-linux-gnu/7.1.0]
  collapse library dir [/soft/compilers/gcc/7.1.0/bin/../lib/gcc] ==> [/soft/compilers/gcc/7.1.0/lib/gcc]
  collapse library dir [/soft/compilers/gcc/7.1.0/bin/../lib/gcc/x86_64-pc-linux-gnu/7.1.0/../../../../lib64] ==> [/soft/compilers/gcc/7.1.0/lib64]
  collapse library dir [/lib/../lib64] ==> [/lib64]
  collapse library dir [/usr/lib/../lib64] ==> [/usr/lib64]
  collapse library dir [/soft/compilers/gcc/7.1.0/bin/../lib/gcc/x86_64-pc-linux-gnu/7.1.0/../../..] ==> [/soft/compilers/gcc/7.1.0/lib]
  implicit libs: [stdc++;m;c]
  implicit dirs: [/soft/compilers/gcc/7.1.0/lib/gcc/x86_64-pc-linux-gnu/7.1.0;/soft/compilers/gcc/7.1.0/lib/gcc;/soft/compilers/gcc/7.1.0/lib64;/lib64;/usr/lib64;/soft/compilers/gcc/7.1.0/lib]
  implicit fwks: []


